Analysis & Synthesis report for lab4
Mon Nov 02 17:44:45 2015
Quartus II Version 7.1 Build 156 04/30/2007 SJ Full Version


---------------------
; Table of Contents ;
---------------------
  1. Legal Notice
  2. Analysis & Synthesis Summary
  3. Analysis & Synthesis Settings
  4. Analysis & Synthesis Source Files Read
  5. Analysis & Synthesis Resource Usage Summary
  6. Analysis & Synthesis Resource Utilization by Entity
  7. Logic Cells Representing Combinational Loops
  8. General Register Statistics
  9. Analysis & Synthesis Messages



----------------
; Legal Notice ;
----------------
Copyright (C) 1991-2007 Altera Corporation
Your use of Altera Corporation's design tools, logic functions 
and other software and tools, and its AMPP partner logic 
functions, and any output files from any of the foregoing 
(including device programming or simulation files), and any 
associated documentation or information are expressly subject 
to the terms and conditions of the Altera Program License 
Subscription Agreement, Altera MegaCore Function License 
Agreement, or other applicable license agreement, including, 
without limitation, that your use is for the sole purpose of 
programming logic devices manufactured by Altera and sold by 
Altera or its authorized distributors.  Please refer to the 
applicable agreement for further details.



+-------------------------------------------------------------------------------+
; Analysis & Synthesis Summary                                                  ;
+------------------------------------+------------------------------------------+
; Analysis & Synthesis Status        ; Successful - Mon Nov 02 17:44:44 2015    ;
; Quartus II Version                 ; 7.1 Build 156 04/30/2007 SJ Full Version ;
; Revision Name                      ; lab4                                     ;
; Top-level Entity Name              ; TFlipFlopStruct                          ;
; Family                             ; Cyclone II                               ;
; Total logic elements               ; 3                                        ;
;     Total combinational functions  ; 3                                        ;
;     Dedicated logic registers      ; 0                                        ;
; Total registers                    ; 0                                        ;
; Total pins                         ; 4                                        ;
; Total virtual pins                 ; 0                                        ;
; Total memory bits                  ; 0                                        ;
; Embedded Multiplier 9-bit elements ; 0                                        ;
; Total PLLs                         ; 0                                        ;
+------------------------------------+------------------------------------------+


+--------------------------------------------------------------------------------------------------------------------------+
; Analysis & Synthesis Settings                                                                                            ;
+--------------------------------------------------------------------------------+--------------------+--------------------+
; Option                                                                         ; Setting            ; Default Value      ;
+--------------------------------------------------------------------------------+--------------------+--------------------+
; Top-level entity name                                                          ; TFlipFlopStruct    ; lab4               ;
; Family name                                                                    ; Cyclone II         ; Stratix II         ;
; Restructure Multiplexers                                                       ; Auto               ; Auto               ;
; Create Debugging Nodes for IP Cores                                            ; Off                ; Off                ;
; Preserve fewer node names                                                      ; On                 ; On                 ;
; Disable OpenCore Plus hardware evaluation                                      ; Off                ; Off                ;
; Verilog Version                                                                ; Verilog_2001       ; Verilog_2001       ;
; VHDL Version                                                                   ; VHDL93             ; VHDL93             ;
; State Machine Processing                                                       ; Auto               ; Auto               ;
; Safe State Machine                                                             ; Off                ; Off                ;
; Extract Verilog State Machines                                                 ; On                 ; On                 ;
; Extract VHDL State Machines                                                    ; On                 ; On                 ;
; Ignore Verilog initial constructs                                              ; Off                ; Off                ;
; Add Pass-Through Logic to Inferred RAMs                                        ; On                 ; On                 ;
; DSP Block Balancing                                                            ; Auto               ; Auto               ;
; NOT Gate Push-Back                                                             ; On                 ; On                 ;
; Power-Up Don't Care                                                            ; On                 ; On                 ;
; Remove Redundant Logic Cells                                                   ; Off                ; Off                ;
; Remove Duplicate Registers                                                     ; On                 ; On                 ;
; Ignore CARRY Buffers                                                           ; Off                ; Off                ;
; Ignore CASCADE Buffers                                                         ; Off                ; Off                ;
; Ignore GLOBAL Buffers                                                          ; Off                ; Off                ;
; Ignore ROW GLOBAL Buffers                                                      ; Off                ; Off                ;
; Ignore LCELL Buffers                                                           ; Off                ; Off                ;
; Ignore SOFT Buffers                                                            ; On                 ; On                 ;
; Limit AHDL Integers to 32 Bits                                                 ; Off                ; Off                ;
; Optimization Technique -- Cyclone II/Cyclone III                               ; Balanced           ; Balanced           ;
; Carry Chain Length -- Stratix/Stratix GX/Cyclone/MAX II/Cyclone II/Cyclone III ; 70                 ; 70                 ;
; Auto Carry Chains                                                              ; On                 ; On                 ;
; Auto Open-Drain Pins                                                           ; On                 ; On                 ;
; Perform WYSIWYG Primitive Resynthesis                                          ; Off                ; Off                ;
; Perform gate-level register retiming                                           ; Off                ; Off                ;
; Allow register retiming to trade off Tsu/Tco with Fmax                         ; On                 ; On                 ;
; Auto ROM Replacement                                                           ; On                 ; On                 ;
; Auto RAM Replacement                                                           ; On                 ; On                 ;
; Auto Shift Register Replacement                                                ; Auto               ; Auto               ;
; Auto Clock Enable Replacement                                                  ; On                 ; On                 ;
; Allow Synchronous Control Signals                                              ; On                 ; On                 ;
; Force Use of Synchronous Clear Signals                                         ; Off                ; Off                ;
; Auto RAM to Logic Cell Conversion                                              ; Off                ; Off                ;
; Auto Resource Sharing                                                          ; Off                ; Off                ;
; Allow Any RAM Size For Recognition                                             ; Off                ; Off                ;
; Allow Any ROM Size For Recognition                                             ; Off                ; Off                ;
; Allow Any Shift Register Size For Recognition                                  ; Off                ; Off                ;
; Ignore translate_off and synthesis_off directives                              ; Off                ; Off                ;
; Show Parameter Settings Tables in Synthesis Report                             ; On                 ; On                 ;
; Ignore Maximum Fan-Out Assignments                                             ; Off                ; Off                ;
; Retiming Meta-Stability Register Sequence Length                               ; 2                  ; 2                  ;
; PowerPlay Power Optimization                                                   ; Normal compilation ; Normal compilation ;
; HDL message level                                                              ; Level2             ; Level2             ;
; Suppress Register Optimization Related Messages                                ; Off                ; Off                ;
; Number of Removed Registers Reported in Synthesis Report                       ; 100                ; 100                ;
; Clock MUX Protection                                                           ; On                 ; On                 ;
; Use smart compilation                                                          ; Off                ; Off                ;
+--------------------------------------------------------------------------------+--------------------+--------------------+


+-------------------------------------------------------------------------------------------------------------------------+
; Analysis & Synthesis Source Files Read                                                                                  ;
+----------------------------------+-----------------+------------------------+-------------------------------------------+
; File Name with User-Entered Path ; Used in Netlist ; File Type              ; File Name with Absolute Path              ;
+----------------------------------+-----------------+------------------------+-------------------------------------------+
; DLatchStruct.v                   ; yes             ; User Verilog HDL File  ; H:/Workspaces/QII/lab4/DLatchStruct.v     ;
; MyNot.v                          ; yes             ; User Verilog HDL File  ; H:/Workspaces/QII/lab4/MyNot.v            ;
; MyAnd.v                          ; yes             ; User Verilog HDL File  ; H:/Workspaces/QII/lab4/MyAnd.v            ;
; MyNor.v                          ; yes             ; User Verilog HDL File  ; H:/Workspaces/QII/lab4/MyNor.v            ;
; DFlipFlopStruct.v                ; yes             ; User Verilog HDL File  ; H:/Workspaces/QII/lab4/DFlipFlopStruct.v  ;
; MyOr.v                           ; yes             ; User Verilog HDL File  ; H:/Workspaces/QII/lab4/MyOr.v             ;
; JKFlipFlopStruct.v               ; yes             ; User Verilog HDL File  ; H:/Workspaces/QII/lab4/JKFlipFlopStruct.v ;
; TFlipFlopStruct.v                ; yes             ; User Verilog HDL File  ; H:/Workspaces/QII/lab4/TFlipFlopStruct.v  ;
+----------------------------------+-----------------+------------------------+-------------------------------------------+


+-----------------------------------------------------------------------------------------------------------------------------------+
; Analysis & Synthesis Resource Usage Summary                                                                                       ;
+---------------------------------------------+-------------------------------------------------------------------------------------+
; Resource                                    ; Usage                                                                               ;
+---------------------------------------------+-------------------------------------------------------------------------------------+
; Estimated Total logic elements              ; 3                                                                                   ;
;                                             ;                                                                                     ;
; Total combinational functions               ; 3                                                                                   ;
; Logic element usage by number of LUT inputs ;                                                                                     ;
;     -- 4 input functions                    ; 1                                                                                   ;
;     -- 3 input functions                    ; 2                                                                                   ;
;     -- <=2 input functions                  ; 0                                                                                   ;
;                                             ;                                                                                     ;
; Logic elements by mode                      ;                                                                                     ;
;     -- normal mode                          ; 3                                                                                   ;
;     -- arithmetic mode                      ; 0                                                                                   ;
;                                             ;                                                                                     ;
; Total registers                             ; 0                                                                                   ;
;     -- Dedicated logic registers            ; 0                                                                                   ;
;     -- I/O registers                        ; 0                                                                                   ;
;                                             ;                                                                                     ;
; I/O pins                                    ; 4                                                                                   ;
; Maximum fan-out node                        ; JKFlipFlopStruct:comb_4|DFlipFlopStruct:comb_9|DLatchStruct:Slave|MyNor:comb_7|z~25 ;
; Maximum fan-out                             ; 4                                                                                   ;
; Total fan-out                               ; 12                                                                                  ;
; Average fan-out                             ; 1.71                                                                                ;
+---------------------------------------------+-------------------------------------------------------------------------------------+


+--------------------------------------------------------------------------------------------------------------------------------------------------------------------------------------------------------------------------------------------------------------+
; Analysis & Synthesis Resource Utilization by Entity                                                                                                                                                                                                          ;
+--------------------------------+-------------------+--------------+-------------+--------------+---------+-----------+------+--------------+--------------------------------------------------------------------------------------------------+--------------+
; Compilation Hierarchy Node     ; LC Combinationals ; LC Registers ; Memory Bits ; DSP Elements ; DSP 9x9 ; DSP 18x18 ; Pins ; Virtual Pins ; Full Hierarchy Name                                                                              ; Library Name ;
+--------------------------------+-------------------+--------------+-------------+--------------+---------+-----------+------+--------------+--------------------------------------------------------------------------------------------------+--------------+
; |TFlipFlopStruct               ; 3 (0)             ; 0 (0)        ; 0           ; 0            ; 0       ; 0         ; 4    ; 0            ; |TFlipFlopStruct                                                                                 ; work         ;
;    |JKFlipFlopStruct:comb_4|   ; 3 (0)             ; 0 (0)        ; 0           ; 0            ; 0       ; 0         ; 0    ; 0            ; |TFlipFlopStruct|JKFlipFlopStruct:comb_4                                                         ; work         ;
;       |DFlipFlopStruct:comb_9| ; 3 (0)             ; 0 (0)        ; 0           ; 0            ; 0       ; 0         ; 0    ; 0            ; |TFlipFlopStruct|JKFlipFlopStruct:comb_4|DFlipFlopStruct:comb_9                                  ; work         ;
;          |DLatchStruct:Master| ; 1 (0)             ; 0 (0)        ; 0           ; 0            ; 0       ; 0         ; 0    ; 0            ; |TFlipFlopStruct|JKFlipFlopStruct:comb_4|DFlipFlopStruct:comb_9|DLatchStruct:Master              ; work         ;
;             |MyNor:comb_7|     ; 1 (1)             ; 0 (0)        ; 0           ; 0            ; 0       ; 0         ; 0    ; 0            ; |TFlipFlopStruct|JKFlipFlopStruct:comb_4|DFlipFlopStruct:comb_9|DLatchStruct:Master|MyNor:comb_7 ; work         ;
;          |DLatchStruct:Slave|  ; 2 (0)             ; 0 (0)        ; 0           ; 0            ; 0       ; 0         ; 0    ; 0            ; |TFlipFlopStruct|JKFlipFlopStruct:comb_4|DFlipFlopStruct:comb_9|DLatchStruct:Slave               ; work         ;
;             |MyNor:comb_7|     ; 1 (1)             ; 0 (0)        ; 0           ; 0            ; 0       ; 0         ; 0    ; 0            ; |TFlipFlopStruct|JKFlipFlopStruct:comb_4|DFlipFlopStruct:comb_9|DLatchStruct:Slave|MyNor:comb_7  ; work         ;
;             |MyNor:comb_8|     ; 1 (1)             ; 0 (0)        ; 0           ; 0            ; 0       ; 0         ; 0    ; 0            ; |TFlipFlopStruct|JKFlipFlopStruct:comb_4|DFlipFlopStruct:comb_9|DLatchStruct:Slave|MyNor:comb_8  ; work         ;
+--------------------------------+-------------------+--------------+-------------+--------------+---------+-----------+------+--------------+--------------------------------------------------------------------------------------------------+--------------+
Note: For table entries with two numbers listed, the numbers in parentheses indicate the number of resources of the given type used by the specific entity alone. The numbers listed outside of parentheses indicate the total resources of the given type used by the specific entity and all of its sub-entities in the hierarchy.


+-----------------------------------------------------------------------------------------+
; Logic Cells Representing Combinational Loops                                            ;
+-------------------------------------------------------------------------------------+---+
; Logic Cell Name                                                                     ;   ;
+-------------------------------------------------------------------------------------+---+
; JKFlipFlopStruct:comb_4|DFlipFlopStruct:comb_9|DLatchStruct:Slave|MyNor:comb_7|z~1  ;   ;
; JKFlipFlopStruct:comb_4|DFlipFlopStruct:comb_9|DLatchStruct:Master|MyNor:comb_7|z~1 ;   ;
; Number of logic cells representing combinational loops                              ; 2 ;
+-------------------------------------------------------------------------------------+---+
Note: All cells listed above may not be present at the end of synthesis due to various synthesis optimizations.


+------------------------------------------------------+
; General Register Statistics                          ;
+----------------------------------------------+-------+
; Statistic                                    ; Value ;
+----------------------------------------------+-------+
; Total registers                              ; 0     ;
; Number of registers using Synchronous Clear  ; 0     ;
; Number of registers using Synchronous Load   ; 0     ;
; Number of registers using Asynchronous Clear ; 0     ;
; Number of registers using Asynchronous Load  ; 0     ;
; Number of registers using Clock Enable       ; 0     ;
; Number of registers using Preset             ; 0     ;
+----------------------------------------------+-------+


+-------------------------------+
; Analysis & Synthesis Messages ;
+-------------------------------+
Info: *******************************************************************
Info: Running Quartus II Analysis & Synthesis
    Info: Version 7.1 Build 156 04/30/2007 SJ Full Version
    Info: Processing started: Mon Nov 02 17:44:42 2015
Info: Command: quartus_map --read_settings_files=on --write_settings_files=off lab4 -c lab4
Warning: Ignored assignments for entity "TFlipFlopStruct" -- entity does not exist in design
    Warning: Assignment of entity set_instance_assignment -name PARTITION_HIERARCHY no_file_for_top_partition -to | -section_id Top is ignored
    Warning: Assignment of entity set_global_assignment -name PARTITION_NETLIST_TYPE SOURCE -section_id Top is ignored
    Warning: Assignment of entity set_global_assignment -name PARTITION_IMPORT_ASSIGNMENTS ON -section_id Top is ignored
    Warning: Assignment of entity set_global_assignment -name PARTITION_IMPORT_EXISTING_ASSIGNMENTS REPLACE_CONFLICTING -section_id Top is ignored
    Warning: Assignment of entity set_global_assignment -name PARTITION_IMPORT_EXISTING_LOGICLOCK_REGIONS REPLACE_CONFLICTING -section_id Top is ignored
    Warning: Assignment of entity set_global_assignment -name PARTITION_IMPORT_PIN_ASSIGNMENTS ON -section_id Top is ignored
    Warning: Assignment of entity set_global_assignment -name PARTITION_IMPORT_PROMOTE_ASSIGNMENTS ON -section_id Top is ignored
    Warning: Assignment of entity set_global_assignment -name PARTITION_TYPE STANDARD_PARTITION -section_id Top is ignored
Info: Found 1 design units, including 1 entities, in source file DLatchStruct.v
    Info: Found entity 1: DLatchStruct
Info: Found 1 design units, including 1 entities, in source file MyNot.v
    Info: Found entity 1: MyNot
Info: Found 1 design units, including 1 entities, in source file MyAnd.v
    Info: Found entity 1: MyAnd
Info: Found 1 design units, including 1 entities, in source file MyNor.v
    Info: Found entity 1: MyNor
Info: Found 1 design units, including 1 entities, in source file DFlipFlopStruct.v
    Info: Found entity 1: DFlipFlopStruct
Info: Found 1 design units, including 1 entities, in source file MyNand.v
    Info: Found entity 1: MyNand
Info: Found 1 design units, including 1 entities, in source file RSFlipFlopStruct.v
    Info: Found entity 1: RSFlipFlopStruct
Info: Found 1 design units, including 1 entities, in source file MyOr.v
    Info: Found entity 1: MyOr
Info: Found 1 design units, including 1 entities, in source file JKFlipFlopStruct.v
    Info: Found entity 1: JKFlipFlopStruct
Info: Found 1 design units, including 1 entities, in source file TFlipFlopStruct.v
    Info: Found entity 1: TFlipFlopStruct
Info: Found 1 design units, including 1 entities, in source file Flip.v
    Info: Found entity 1: Flip
Critical Warning (10846): Verilog HDL Instantiation warning at DLatchStruct.v(8): instance has no name
Critical Warning (10846): Verilog HDL Instantiation warning at DLatchStruct.v(9): instance has no name
Critical Warning (10846): Verilog HDL Instantiation warning at DLatchStruct.v(10): instance has no name
Critical Warning (10846): Verilog HDL Instantiation warning at DLatchStruct.v(11): instance has no name
Critical Warning (10846): Verilog HDL Instantiation warning at DLatchStruct.v(12): instance has no name
Critical Warning (10846): Verilog HDL Instantiation warning at DFlipFlopStruct.v(8): instance has no name
Critical Warning (10846): Verilog HDL Instantiation warning at RSFlipFlopStruct.v(8): instance has no name
Critical Warning (10846): Verilog HDL Instantiation warning at RSFlipFlopStruct.v(9): instance has no name
Critical Warning (10846): Verilog HDL Instantiation warning at RSFlipFlopStruct.v(10): instance has no name
Critical Warning (10846): Verilog HDL Instantiation warning at RSFlipFlopStruct.v(11): instance has no name
Critical Warning (10846): Verilog HDL Instantiation warning at JKFlipFlopStruct.v(8): instance has no name
Critical Warning (10846): Verilog HDL Instantiation warning at JKFlipFlopStruct.v(9): instance has no name
Critical Warning (10846): Verilog HDL Instantiation warning at JKFlipFlopStruct.v(10): instance has no name
Critical Warning (10846): Verilog HDL Instantiation warning at JKFlipFlopStruct.v(11): instance has no name
Critical Warning (10846): Verilog HDL Instantiation warning at JKFlipFlopStruct.v(12): instance has no name
Critical Warning (10846): Verilog HDL Instantiation warning at JKFlipFlopStruct.v(13): instance has no name
Critical Warning (10846): Verilog HDL Instantiation warning at TFlipFlopStruct.v(6): instance has no name
Info: Elaborating entity "TFlipFlopStruct" for the top level hierarchy
Info: Elaborating entity "JKFlipFlopStruct" for hierarchy "JKFlipFlopStruct:comb_4"
Info: Elaborating entity "MyAnd" for hierarchy "JKFlipFlopStruct:comb_4|MyAnd:comb_4"
Info: Elaborating entity "MyNot" for hierarchy "JKFlipFlopStruct:comb_4|MyNot:comb_5"
Info: Elaborating entity "MyOr" for hierarchy "JKFlipFlopStruct:comb_4|MyOr:comb_8"
Info: Elaborating entity "DFlipFlopStruct" for hierarchy "JKFlipFlopStruct:comb_4|DFlipFlopStruct:comb_9"
Info: Elaborating entity "DLatchStruct" for hierarchy "JKFlipFlopStruct:comb_4|DFlipFlopStruct:comb_9|DLatchStruct:Master"
Info: Elaborating entity "MyNor" for hierarchy "JKFlipFlopStruct:comb_4|DFlipFlopStruct:comb_9|DLatchStruct:Master|MyNor:comb_7"
Info: Implemented 7 device resources after synthesis - the final resource count might be different
    Info: Implemented 2 input pins
    Info: Implemented 2 output pins
    Info: Implemented 3 logic cells
Info: Quartus II Analysis & Synthesis was successful. 0 errors, 26 warnings
    Info: Allocated 184 megabytes of memory during processing
    Info: Processing ended: Mon Nov 02 17:44:45 2015
    Info: Elapsed time: 00:00:03


